{"E:\\Project\\ClaudePro\\Obsidian-Vault Commander\\src\\core\\analyzer.ts": {"path":"E:\\Project\\ClaudePro\\Obsidian-Vault Commander\\src\\core\\analyzer.ts","all":false,"statementMap":{"0":{"start":{"line":1,"column":0},"end":{"line":1,"column":102}},"1":{"start":{"line":2,"column":0},"end":{"line":2,"column":55}},"2":{"start":{"line":3,"column":0},"end":{"line":3,"column":0}},"3":{"start":{"line":4,"column":0},"end":{"line":4,"column":31}},"4":{"start":{"line":5,"column":0},"end":{"line":5,"column":63}},"5":{"start":{"line":6,"column":0},"end":{"line":6,"column":33}},"6":{"start":{"line":7,"column":0},"end":{"line":7,"column":0}},"7":{"start":{"line":8,"column":0},"end":{"line":8,"column":71}},"8":{"start":{"line":9,"column":0},"end":{"line":9,"column":83}},"9":{"start":{"line":10,"column":0},"end":{"line":10,"column":49}},"10":{"start":{"line":11,"column":0},"end":{"line":11,"column":69}},"11":{"start":{"line":12,"column":0},"end":{"line":12,"column":12}},"12":{"start":{"line":13,"column":0},"end":{"line":13,"column":45}},"13":{"start":{"line":14,"column":0},"end":{"line":14,"column":74}},"14":{"start":{"line":15,"column":0},"end":{"line":15,"column":12}},"15":{"start":{"line":16,"column":0},"end":{"line":16,"column":51}},"16":{"start":{"line":17,"column":0},"end":{"line":17,"column":64}},"17":{"start":{"line":18,"column":0},"end":{"line":18,"column":0}},"18":{"start":{"line":19,"column":0},"end":{"line":19,"column":12}},"19":{"start":{"line":20,"column":0},"end":{"line":20,"column":32}},"20":{"start":{"line":21,"column":0},"end":{"line":21,"column":20}},"21":{"start":{"line":22,"column":0},"end":{"line":22,"column":26}},"22":{"start":{"line":23,"column":0},"end":{"line":23,"column":87}},"23":{"start":{"line":24,"column":0},"end":{"line":24,"column":8}},"24":{"start":{"line":25,"column":0},"end":{"line":25,"column":19}},"25":{"start":{"line":26,"column":0},"end":{"line":26,"column":39}},"26":{"start":{"line":27,"column":0},"end":{"line":27,"column":49}},"27":{"start":{"line":28,"column":0},"end":{"line":28,"column":41}},"28":{"start":{"line":29,"column":0},"end":{"line":29,"column":53}},"29":{"start":{"line":30,"column":0},"end":{"line":30,"column":8}},"30":{"start":{"line":31,"column":0},"end":{"line":31,"column":6}},"31":{"start":{"line":32,"column":0},"end":{"line":32,"column":3}},"32":{"start":{"line":33,"column":0},"end":{"line":33,"column":0}},"33":{"start":{"line":34,"column":0},"end":{"line":34,"column":61}},"34":{"start":{"line":35,"column":0},"end":{"line":35,"column":29}},"35":{"start":{"line":36,"column":0},"end":{"line":36,"column":12}},"36":{"start":{"line":37,"column":0},"end":{"line":37,"column":17}},"37":{"start":{"line":38,"column":0},"end":{"line":38,"column":19}},"38":{"start":{"line":39,"column":0},"end":{"line":39,"column":6}},"39":{"start":{"line":40,"column":0},"end":{"line":40,"column":3}},"40":{"start":{"line":41,"column":0},"end":{"line":41,"column":0}},"41":{"start":{"line":42,"column":0},"end":{"line":42,"column":85}},"42":{"start":{"line":43,"column":0},"end":{"line":43,"column":61}},"43":{"start":{"line":44,"column":0},"end":{"line":44,"column":78}},"44":{"start":{"line":45,"column":0},"end":{"line":45,"column":86}},"45":{"start":{"line":46,"column":0},"end":{"line":46,"column":0}},"46":{"start":{"line":47,"column":0},"end":{"line":47,"column":50}},"47":{"start":{"line":48,"column":0},"end":{"line":48,"column":28}},"48":{"start":{"line":49,"column":0},"end":{"line":49,"column":65}},"49":{"start":{"line":50,"column":0},"end":{"line":50,"column":36}},"50":{"start":{"line":51,"column":0},"end":{"line":51,"column":46}},"51":{"start":{"line":52,"column":0},"end":{"line":52,"column":0}},"52":{"start":{"line":53,"column":0},"end":{"line":53,"column":30}},"53":{"start":{"line":54,"column":0},"end":{"line":54,"column":64}},"54":{"start":{"line":55,"column":0},"end":{"line":55,"column":9}},"55":{"start":{"line":56,"column":0},"end":{"line":56,"column":43}},"56":{"start":{"line":57,"column":0},"end":{"line":57,"column":43}},"57":{"start":{"line":58,"column":0},"end":{"line":58,"column":7}},"58":{"start":{"line":59,"column":0},"end":{"line":59,"column":5}},"59":{"start":{"line":60,"column":0},"end":{"line":60,"column":0}},"60":{"start":{"line":61,"column":0},"end":{"line":61,"column":45}},"61":{"start":{"line":62,"column":0},"end":{"line":62,"column":49}},"62":{"start":{"line":63,"column":0},"end":{"line":63,"column":30}},"63":{"start":{"line":64,"column":0},"end":{"line":64,"column":12}},"64":{"start":{"line":65,"column":0},"end":{"line":65,"column":33}},"65":{"start":{"line":66,"column":0},"end":{"line":66,"column":36}},"66":{"start":{"line":67,"column":0},"end":{"line":67,"column":10}},"67":{"start":{"line":68,"column":0},"end":{"line":68,"column":0}},"68":{"start":{"line":69,"column":0},"end":{"line":69,"column":40}},"69":{"start":{"line":70,"column":0},"end":{"line":70,"column":3}},"70":{"start":{"line":71,"column":0},"end":{"line":71,"column":0}},"71":{"start":{"line":72,"column":0},"end":{"line":72,"column":72}},"72":{"start":{"line":73,"column":0},"end":{"line":73,"column":41}},"73":{"start":{"line":74,"column":0},"end":{"line":74,"column":0}},"74":{"start":{"line":75,"column":0},"end":{"line":75,"column":42}},"75":{"start":{"line":76,"column":0},"end":{"line":76,"column":24}},"76":{"start":{"line":77,"column":0},"end":{"line":77,"column":24}},"77":{"start":{"line":78,"column":0},"end":{"line":78,"column":60}},"78":{"start":{"line":79,"column":0},"end":{"line":79,"column":34}},"79":{"start":{"line":80,"column":0},"end":{"line":80,"column":9}},"80":{"start":{"line":81,"column":0},"end":{"line":81,"column":5}},"81":{"start":{"line":82,"column":0},"end":{"line":82,"column":0}},"82":{"start":{"line":83,"column":0},"end":{"line":83,"column":42}},"83":{"start":{"line":84,"column":0},"end":{"line":84,"column":24}},"84":{"start":{"line":85,"column":0},"end":{"line":85,"column":24}},"85":{"start":{"line":86,"column":0},"end":{"line":86,"column":58}},"86":{"start":{"line":87,"column":0},"end":{"line":87,"column":34}},"87":{"start":{"line":88,"column":0},"end":{"line":88,"column":9}},"88":{"start":{"line":89,"column":0},"end":{"line":89,"column":5}},"89":{"start":{"line":90,"column":0},"end":{"line":90,"column":0}},"90":{"start":{"line":91,"column":0},"end":{"line":91,"column":49}},"91":{"start":{"line":92,"column":0},"end":{"line":92,"column":24}},"92":{"start":{"line":93,"column":0},"end":{"line":93,"column":20}},"93":{"start":{"line":94,"column":0},"end":{"line":94,"column":37}},"94":{"start":{"line":95,"column":0},"end":{"line":95,"column":34}},"95":{"start":{"line":96,"column":0},"end":{"line":96,"column":9}},"96":{"start":{"line":97,"column":0},"end":{"line":97,"column":5}},"97":{"start":{"line":98,"column":0},"end":{"line":98,"column":0}},"98":{"start":{"line":99,"column":0},"end":{"line":99,"column":23}},"99":{"start":{"line":100,"column":0},"end":{"line":100,"column":3}},"100":{"start":{"line":101,"column":0},"end":{"line":101,"column":1}}},"s":{"0":1,"1":1,"2":1,"3":1,"4":1,"5":1,"6":1,"7":1,"8":6,"9":6,"10":5,"11":1,"12":6,"13":5,"14":1,"15":6,"16":6,"17":6,"18":6,"19":6,"20":6,"21":6,"22":6,"23":6,"24":6,"25":6,"26":6,"27":6,"28":6,"29":6,"30":6,"31":6,"32":1,"33":1,"34":1,"35":1,"36":1,"37":1,"38":1,"39":1,"40":1,"41":1,"42":1,"43":1,"44":1,"45":1,"46":1,"47":2,"48":2,"49":4,"50":4,"51":4,"52":4,"53":3,"54":3,"55":4,"56":4,"57":4,"58":2,"59":1,"60":1,"61":1,"62":1,"63":1,"64":1,"65":1,"66":1,"67":1,"68":1,"69":1,"70":1,"71":1,"72":3,"73":3,"74":3,"75":1,"76":1,"77":1,"78":1,"79":1,"80":1,"81":3,"82":3,"83":0,"84":0,"85":0,"86":0,"87":0,"88":0,"89":3,"90":3,"91":1,"92":1,"93":1,"94":1,"95":1,"96":1,"97":3,"98":3,"99":3,"100":1},"branchMap":{"0":{"type":"branch","line":6,"loc":{"start":{"line":6,"column":2},"end":{"line":6,"column":33}},"locations":[{"start":{"line":6,"column":2},"end":{"line":6,"column":33}}]},"1":{"type":"branch","line":8,"loc":{"start":{"line":8,"column":2},"end":{"line":32,"column":3}},"locations":[{"start":{"line":8,"column":2},"end":{"line":32,"column":3}}]},"2":{"type":"branch","line":10,"loc":{"start":{"line":10,"column":48},"end":{"line":11,"column":69}},"locations":[{"start":{"line":10,"column":48},"end":{"line":11,"column":69}}]},"3":{"type":"branch","line":11,"loc":{"start":{"line":11,"column":66},"end":{"line":12,"column":12}},"locations":[{"start":{"line":11,"column":66},"end":{"line":12,"column":12}}]},"4":{"type":"branch","line":13,"loc":{"start":{"line":13,"column":44},"end":{"line":14,"column":74}},"locations":[{"start":{"line":13,"column":44},"end":{"line":14,"column":74}}]},"5":{"type":"branch","line":14,"loc":{"start":{"line":14,"column":73},"end":{"line":15,"column":12}},"locations":[{"start":{"line":14,"column":73},"end":{"line":15,"column":12}}]},"6":{"type":"branch","line":34,"loc":{"start":{"line":34,"column":2},"end":{"line":40,"column":3}},"locations":[{"start":{"line":34,"column":2},"end":{"line":40,"column":3}}]},"7":{"type":"branch","line":42,"loc":{"start":{"line":42,"column":2},"end":{"line":70,"column":3}},"locations":[{"start":{"line":42,"column":2},"end":{"line":70,"column":3}}]},"8":{"type":"branch","line":47,"loc":{"start":{"line":47,"column":49},"end":{"line":59,"column":5}},"locations":[{"start":{"line":47,"column":49},"end":{"line":59,"column":5}}]},"9":{"type":"branch","line":49,"loc":{"start":{"line":49,"column":64},"end":{"line":58,"column":7}},"locations":[{"start":{"line":49,"column":64},"end":{"line":58,"column":7}}]},"10":{"type":"branch","line":53,"loc":{"start":{"line":53,"column":29},"end":{"line":55,"column":9}},"locations":[{"start":{"line":53,"column":29},"end":{"line":55,"column":9}}]},"11":{"type":"branch","line":62,"loc":{"start":{"line":62,"column":14},"end":{"line":62,"column":48}},"locations":[{"start":{"line":62,"column":14},"end":{"line":62,"column":48}}]},"12":{"type":"branch","line":63,"loc":{"start":{"line":63,"column":11},"end":{"line":67,"column":8}},"locations":[{"start":{"line":63,"column":11},"end":{"line":67,"column":8}}]},"13":{"type":"branch","line":72,"loc":{"start":{"line":72,"column":2},"end":{"line":100,"column":3}},"locations":[{"start":{"line":72,"column":2},"end":{"line":100,"column":3}}]},"14":{"type":"branch","line":75,"loc":{"start":{"line":75,"column":41},"end":{"line":81,"column":5}},"locations":[{"start":{"line":75,"column":41},"end":{"line":81,"column":5}}]},"15":{"type":"branch","line":83,"loc":{"start":{"line":83,"column":41},"end":{"line":89,"column":5}},"locations":[{"start":{"line":83,"column":41},"end":{"line":89,"column":5}}]},"16":{"type":"branch","line":91,"loc":{"start":{"line":91,"column":48},"end":{"line":97,"column":5}},"locations":[{"start":{"line":91,"column":48},"end":{"line":97,"column":5}}]}},"b":{"0":[1],"1":[6],"2":[5],"3":[1],"4":[5],"5":[1],"6":[1],"7":[1],"8":[2],"9":[4],"10":[3],"11":[3],"12":[1],"13":[3],"14":[1],"15":[0],"16":[1]},"fnMap":{"0":{"name":"InsightsAnalyzer","decl":{"start":{"line":6,"column":2},"end":{"line":6,"column":33}},"loc":{"start":{"line":6,"column":2},"end":{"line":6,"column":33}},"line":6},"1":{"name":"getHealthScore","decl":{"start":{"line":8,"column":2},"end":{"line":32,"column":3}},"loc":{"start":{"line":8,"column":2},"end":{"line":32,"column":3}},"line":8},"2":{"name":"getTrends","decl":{"start":{"line":34,"column":2},"end":{"line":40,"column":3}},"loc":{"start":{"line":34,"column":2},"end":{"line":40,"column":3}},"line":34},"3":{"name":"getTagAnalysis","decl":{"start":{"line":42,"column":2},"end":{"line":70,"column":3}},"loc":{"start":{"line":42,"column":2},"end":{"line":70,"column":3}},"line":42},"4":{"name":"getSuggestions","decl":{"start":{"line":72,"column":2},"end":{"line":100,"column":3}},"loc":{"start":{"line":72,"column":2},"end":{"line":100,"column":3}},"line":72}},"f":{"0":1,"1":6,"2":1,"3":1,"4":3}}
,"E:\\Project\\ClaudePro\\Obsidian-Vault Commander\\src\\core\\event-bus.ts": {"path":"E:\\Project\\ClaudePro\\Obsidian-Vault Commander\\src\\core\\event-bus.ts","all":false,"statementMap":{"0":{"start":{"line":1,"column":0},"end":{"line":1,"column":41}},"1":{"start":{"line":2,"column":0},"end":{"line":2,"column":0}},"2":{"start":{"line":3,"column":0},"end":{"line":3,"column":23}},"3":{"start":{"line":4,"column":0},"end":{"line":4,"column":60}},"4":{"start":{"line":5,"column":0},"end":{"line":5,"column":0}},"5":{"start":{"line":6,"column":0},"end":{"line":6,"column":53}},"6":{"start":{"line":7,"column":0},"end":{"line":7,"column":37}},"7":{"start":{"line":8,"column":0},"end":{"line":8,"column":43}},"8":{"start":{"line":9,"column":0},"end":{"line":9,"column":5}},"9":{"start":{"line":10,"column":0},"end":{"line":10,"column":45}},"10":{"start":{"line":11,"column":0},"end":{"line":11,"column":43}},"11":{"start":{"line":12,"column":0},"end":{"line":12,"column":3}},"12":{"start":{"line":13,"column":0},"end":{"line":13,"column":0}},"13":{"start":{"line":14,"column":0},"end":{"line":14,"column":48}},"14":{"start":{"line":15,"column":0},"end":{"line":15,"column":48}},"15":{"start":{"line":16,"column":0},"end":{"line":16,"column":3}},"16":{"start":{"line":17,"column":0},"end":{"line":17,"column":0}},"17":{"start":{"line":18,"column":0},"end":{"line":18,"column":48}},"18":{"start":{"line":19,"column":0},"end":{"line":19,"column":46}},"19":{"start":{"line":20,"column":0},"end":{"line":20,"column":11}},"20":{"start":{"line":21,"column":0},"end":{"line":21,"column":23}},"21":{"start":{"line":22,"column":0},"end":{"line":22,"column":21}},"22":{"start":{"line":23,"column":0},"end":{"line":23,"column":65}},"23":{"start":{"line":24,"column":0},"end":{"line":24,"column":7}},"24":{"start":{"line":25,"column":0},"end":{"line":25,"column":7}},"25":{"start":{"line":26,"column":0},"end":{"line":26,"column":3}},"26":{"start":{"line":27,"column":0},"end":{"line":27,"column":0}},"27":{"start":{"line":28,"column":0},"end":{"line":28,"column":49}},"28":{"start":{"line":29,"column":0},"end":{"line":29,"column":41}},"29":{"start":{"line":30,"column":0},"end":{"line":30,"column":31}},"30":{"start":{"line":31,"column":0},"end":{"line":31,"column":24}},"31":{"start":{"line":32,"column":0},"end":{"line":32,"column":6}},"32":{"start":{"line":33,"column":0},"end":{"line":33,"column":28}},"33":{"start":{"line":34,"column":0},"end":{"line":34,"column":3}},"34":{"start":{"line":35,"column":0},"end":{"line":35,"column":0}},"35":{"start":{"line":36,"column":0},"end":{"line":36,"column":17}},"36":{"start":{"line":37,"column":0},"end":{"line":37,"column":27}},"37":{"start":{"line":38,"column":0},"end":{"line":38,"column":3}},"38":{"start":{"line":39,"column":0},"end":{"line":39,"column":1}}},"s":{"0":1,"1":1,"2":1,"3":6,"4":1,"5":1,"6":7,"7":6,"8":6,"9":7,"10":7,"11":7,"12":1,"13":1,"14":2,"15":2,"16":1,"17":1,"18":7,"19":5,"20":5,"21":5,"22":1,"23":1,"24":7,"25":7,"26":1,"27":1,"28":1,"29":1,"30":1,"31":1,"32":1,"33":1,"34":1,"35":1,"36":1,"37":1,"38":1},"branchMap":{"0":{"type":"branch","line":3,"loc":{"start":{"line":3,"column":7},"end":{"line":4,"column":60}},"locations":[{"start":{"line":3,"column":7},"end":{"line":4,"column":60}}]},"1":{"type":"branch","line":6,"loc":{"start":{"line":6,"column":2},"end":{"line":12,"column":3}},"locations":[{"start":{"line":6,"column":2},"end":{"line":12,"column":3}}]},"2":{"type":"branch","line":7,"loc":{"start":{"line":7,"column":36},"end":{"line":9,"column":5}},"locations":[{"start":{"line":7,"column":36},"end":{"line":9,"column":5}}]},"3":{"type":"branch","line":11,"loc":{"start":{"line":11,"column":11},"end":{"line":11,"column":43}},"locations":[{"start":{"line":11,"column":11},"end":{"line":11,"column":43}}]},"4":{"type":"branch","line":14,"loc":{"start":{"line":14,"column":2},"end":{"line":16,"column":3}},"locations":[{"start":{"line":14,"column":2},"end":{"line":16,"column":3}}]},"5":{"type":"branch","line":18,"loc":{"start":{"line":18,"column":2},"end":{"line":26,"column":3}},"locations":[{"start":{"line":18,"column":2},"end":{"line":26,"column":3}}]},"6":{"type":"branch","line":19,"loc":{"start":{"line":19,"column":28},"end":{"line":19,"column":39}},"locations":[{"start":{"line":19,"column":28},"end":{"line":19,"column":39}}]},"7":{"type":"branch","line":19,"loc":{"start":{"line":19,"column":39},"end":{"line":25,"column":5}},"locations":[{"start":{"line":19,"column":39},"end":{"line":25,"column":5}}]},"8":{"type":"branch","line":22,"loc":{"start":{"line":22,"column":6},"end":{"line":24,"column":7}},"locations":[{"start":{"line":22,"column":6},"end":{"line":24,"column":7}}]},"9":{"type":"branch","line":28,"loc":{"start":{"line":28,"column":2},"end":{"line":34,"column":3}},"locations":[{"start":{"line":28,"column":2},"end":{"line":34,"column":3}}]},"10":{"type":"branch","line":29,"loc":{"start":{"line":29,"column":20},"end":{"line":32,"column":6}},"locations":[{"start":{"line":29,"column":20},"end":{"line":32,"column":6}}]},"11":{"type":"branch","line":36,"loc":{"start":{"line":36,"column":2},"end":{"line":38,"column":3}},"locations":[{"start":{"line":36,"column":2},"end":{"line":38,"column":3}}]}},"b":{"0":[6],"1":[7],"2":[6],"3":[1],"4":[2],"5":[7],"6":[6],"7":[5],"8":[1],"9":[1],"10":[1],"11":[1]},"fnMap":{"0":{"name":"EventBus","decl":{"start":{"line":3,"column":7},"end":{"line":4,"column":60}},"loc":{"start":{"line":3,"column":7},"end":{"line":4,"column":60}},"line":3},"1":{"name":"on","decl":{"start":{"line":6,"column":2},"end":{"line":12,"column":3}},"loc":{"start":{"line":6,"column":2},"end":{"line":12,"column":3}},"line":6},"2":{"name":"off","decl":{"start":{"line":14,"column":2},"end":{"line":16,"column":3}},"loc":{"start":{"line":14,"column":2},"end":{"line":16,"column":3}},"line":14},"3":{"name":"emit","decl":{"start":{"line":18,"column":2},"end":{"line":26,"column":3}},"loc":{"start":{"line":18,"column":2},"end":{"line":26,"column":3}},"line":18},"4":{"name":"once","decl":{"start":{"line":28,"column":2},"end":{"line":34,"column":3}},"loc":{"start":{"line":28,"column":2},"end":{"line":34,"column":3}},"line":28},"5":{"name":"wrapper","decl":{"start":{"line":29,"column":20},"end":{"line":32,"column":6}},"loc":{"start":{"line":29,"column":20},"end":{"line":32,"column":6}},"line":29},"6":{"name":"clear","decl":{"start":{"line":36,"column":2},"end":{"line":38,"column":3}},"loc":{"start":{"line":36,"column":2},"end":{"line":38,"column":3}},"line":36}},"f":{"0":6,"1":7,"2":2,"3":7,"4":1,"5":1,"6":1}}
,"E:\\Project\\ClaudePro\\Obsidian-Vault Commander\\src\\core\\search-engine.ts": {"path":"E:\\Project\\ClaudePro\\Obsidian-Vault Commander\\src\\core\\search-engine.ts","all":false,"statementMap":{"0":{"start":{"line":1,"column":0},"end":{"line":1,"column":79}},"1":{"start":{"line":2,"column":0},"end":{"line":2,"column":79}},"2":{"start":{"line":3,"column":0},"end":{"line":3,"column":55}},"3":{"start":{"line":4,"column":0},"end":{"line":4,"column":53}},"4":{"start":{"line":5,"column":0},"end":{"line":5,"column":0}},"5":{"start":{"line":6,"column":0},"end":{"line":6,"column":24}},"6":{"start":{"line":7,"column":0},"end":{"line":7,"column":16}},"7":{"start":{"line":8,"column":0},"end":{"line":8,"column":18}},"8":{"start":{"line":9,"column":0},"end":{"line":9,"column":20}},"9":{"start":{"line":10,"column":0},"end":{"line":10,"column":19}},"10":{"start":{"line":11,"column":0},"end":{"line":11,"column":19}},"11":{"start":{"line":12,"column":0},"end":{"line":12,"column":16}},"12":{"start":{"line":13,"column":0},"end":{"line":13,"column":18}},"13":{"start":{"line":14,"column":0},"end":{"line":14,"column":15}},"14":{"start":{"line":15,"column":0},"end":{"line":15,"column":15}},"15":{"start":{"line":16,"column":0},"end":{"line":16,"column":1}},"16":{"start":{"line":17,"column":0},"end":{"line":17,"column":0}},"17":{"start":{"line":18,"column":0},"end":{"line":18,"column":27}},"18":{"start":{"line":19,"column":0},"end":{"line":19,"column":61}},"19":{"start":{"line":20,"column":0},"end":{"line":20,"column":29}},"20":{"start":{"line":21,"column":0},"end":{"line":21,"column":52}},"21":{"start":{"line":22,"column":0},"end":{"line":22,"column":63}},"22":{"start":{"line":23,"column":0},"end":{"line":23,"column":0}},"23":{"start":{"line":24,"column":0},"end":{"line":24,"column":56}},"24":{"start":{"line":25,"column":0},"end":{"line":25,"column":41}},"25":{"start":{"line":26,"column":0},"end":{"line":26,"column":23}},"26":{"start":{"line":27,"column":0},"end":{"line":27,"column":55}},"27":{"start":{"line":28,"column":0},"end":{"line":28,"column":77}},"28":{"start":{"line":29,"column":0},"end":{"line":29,"column":22}},"29":{"start":{"line":30,"column":0},"end":{"line":30,"column":64}},"30":{"start":{"line":31,"column":0},"end":{"line":31,"column":21}},"31":{"start":{"line":32,"column":0},"end":{"line":32,"column":19}},"32":{"start":{"line":33,"column":0},"end":{"line":33,"column":8}},"33":{"start":{"line":34,"column":0},"end":{"line":34,"column":46}},"34":{"start":{"line":35,"column":0},"end":{"line":35,"column":39}},"35":{"start":{"line":36,"column":0},"end":{"line":36,"column":57}},"36":{"start":{"line":37,"column":0},"end":{"line":37,"column":76}},"37":{"start":{"line":38,"column":0},"end":{"line":38,"column":57}},"38":{"start":{"line":39,"column":0},"end":{"line":39,"column":61}},"39":{"start":{"line":40,"column":0},"end":{"line":40,"column":63}},"40":{"start":{"line":41,"column":0},"end":{"line":41,"column":61}},"41":{"start":{"line":42,"column":0},"end":{"line":42,"column":65}},"42":{"start":{"line":43,"column":0},"end":{"line":43,"column":63}},"43":{"start":{"line":44,"column":0},"end":{"line":44,"column":63}},"44":{"start":{"line":45,"column":0},"end":{"line":45,"column":18}},"45":{"start":{"line":46,"column":0},"end":{"line":46,"column":8}},"46":{"start":{"line":47,"column":0},"end":{"line":47,"column":7}},"47":{"start":{"line":48,"column":0},"end":{"line":48,"column":3}},"48":{"start":{"line":49,"column":0},"end":{"line":49,"column":0}},"49":{"start":{"line":50,"column":0},"end":{"line":50,"column":19}},"50":{"start":{"line":51,"column":0},"end":{"line":51,"column":42}},"51":{"start":{"line":52,"column":0},"end":{"line":52,"column":26}},"52":{"start":{"line":53,"column":0},"end":{"line":53,"column":20}},"53":{"start":{"line":54,"column":0},"end":{"line":54,"column":64}},"54":{"start":{"line":55,"column":0},"end":{"line":55,"column":28}},"55":{"start":{"line":56,"column":0},"end":{"line":56,"column":3}},"56":{"start":{"line":57,"column":0},"end":{"line":57,"column":0}},"57":{"start":{"line":58,"column":0},"end":{"line":58,"column":32}},"58":{"start":{"line":59,"column":0},"end":{"line":59,"column":42}},"59":{"start":{"line":60,"column":0},"end":{"line":60,"column":26}},"60":{"start":{"line":61,"column":0},"end":{"line":61,"column":20}},"61":{"start":{"line":62,"column":0},"end":{"line":62,"column":46}},"62":{"start":{"line":63,"column":0},"end":{"line":63,"column":59}},"63":{"start":{"line":64,"column":0},"end":{"line":64,"column":0}},"64":{"start":{"line":65,"column":0},"end":{"line":65,"column":39}},"65":{"start":{"line":66,"column":0},"end":{"line":66,"column":0}},"66":{"start":{"line":67,"column":0},"end":{"line":67,"column":50}},"67":{"start":{"line":68,"column":0},"end":{"line":68,"column":48}},"68":{"start":{"line":69,"column":0},"end":{"line":69,"column":53}},"69":{"start":{"line":70,"column":0},"end":{"line":70,"column":0}},"70":{"start":{"line":71,"column":0},"end":{"line":71,"column":52}},"71":{"start":{"line":72,"column":0},"end":{"line":72,"column":74}},"72":{"start":{"line":73,"column":0},"end":{"line":73,"column":0}},"73":{"start":{"line":74,"column":0},"end":{"line":74,"column":22}},"74":{"start":{"line":75,"column":0},"end":{"line":75,"column":50}},"75":{"start":{"line":76,"column":0},"end":{"line":76,"column":18}},"76":{"start":{"line":77,"column":0},"end":{"line":77,"column":20}},"77":{"start":{"line":78,"column":0},"end":{"line":78,"column":36}},"78":{"start":{"line":79,"column":0},"end":{"line":79,"column":36}},"79":{"start":{"line":80,"column":0},"end":{"line":80,"column":30}},"80":{"start":{"line":81,"column":0},"end":{"line":81,"column":62}},"81":{"start":{"line":82,"column":0},"end":{"line":82,"column":38}},"82":{"start":{"line":83,"column":0},"end":{"line":83,"column":28}},"83":{"start":{"line":84,"column":0},"end":{"line":84,"column":11}},"84":{"start":{"line":85,"column":0},"end":{"line":85,"column":7}},"85":{"start":{"line":86,"column":0},"end":{"line":86,"column":5}},"86":{"start":{"line":87,"column":0},"end":{"line":87,"column":0}},"87":{"start":{"line":88,"column":0},"end":{"line":88,"column":43}},"88":{"start":{"line":89,"column":0},"end":{"line":89,"column":27}},"89":{"start":{"line":90,"column":0},"end":{"line":90,"column":3}},"90":{"start":{"line":91,"column":0},"end":{"line":91,"column":0}},"91":{"start":{"line":92,"column":0},"end":{"line":92,"column":76}},"92":{"start":{"line":93,"column":0},"end":{"line":93,"column":26}},"93":{"start":{"line":94,"column":0},"end":{"line":94,"column":57}},"94":{"start":{"line":95,"column":0},"end":{"line":95,"column":52}},"95":{"start":{"line":96,"column":0},"end":{"line":96,"column":34}},"96":{"start":{"line":97,"column":0},"end":{"line":97,"column":36}},"97":{"start":{"line":98,"column":0},"end":{"line":98,"column":7}},"98":{"start":{"line":99,"column":0},"end":{"line":99,"column":29}},"99":{"start":{"line":100,"column":0},"end":{"line":100,"column":61}},"100":{"start":{"line":101,"column":0},"end":{"line":101,"column":5}},"101":{"start":{"line":102,"column":0},"end":{"line":102,"column":3}},"102":{"start":{"line":103,"column":0},"end":{"line":103,"column":0}},"103":{"start":{"line":104,"column":0},"end":{"line":104,"column":15}},"104":{"start":{"line":105,"column":0},"end":{"line":105,"column":25}},"105":{"start":{"line":106,"column":0},"end":{"line":106,"column":44}},"106":{"start":{"line":107,"column":0},"end":{"line":107,"column":30}},"107":{"start":{"line":108,"column":0},"end":{"line":108,"column":29}},"108":{"start":{"line":109,"column":0},"end":{"line":109,"column":40}},"109":{"start":{"line":110,"column":0},"end":{"line":110,"column":55}},"110":{"start":{"line":111,"column":0},"end":{"line":111,"column":53}},"111":{"start":{"line":112,"column":0},"end":{"line":112,"column":0}},"112":{"start":{"line":113,"column":0},"end":{"line":113,"column":27}},"113":{"start":{"line":114,"column":0},"end":{"line":114,"column":30}},"114":{"start":{"line":115,"column":0},"end":{"line":115,"column":32}},"115":{"start":{"line":116,"column":0},"end":{"line":116,"column":14}},"116":{"start":{"line":117,"column":0},"end":{"line":117,"column":18}},"117":{"start":{"line":118,"column":0},"end":{"line":118,"column":7}},"118":{"start":{"line":119,"column":0},"end":{"line":119,"column":5}},"119":{"start":{"line":120,"column":0},"end":{"line":120,"column":0}},"120":{"start":{"line":121,"column":0},"end":{"line":121,"column":36}},"121":{"start":{"line":122,"column":0},"end":{"line":122,"column":34}},"122":{"start":{"line":123,"column":0},"end":{"line":123,"column":0}},"123":{"start":{"line":124,"column":0},"end":{"line":124,"column":47}},"124":{"start":{"line":125,"column":0},"end":{"line":125,"column":44}},"125":{"start":{"line":126,"column":0},"end":{"line":126,"column":0}},"126":{"start":{"line":127,"column":0},"end":{"line":127,"column":26}},"127":{"start":{"line":128,"column":0},"end":{"line":128,"column":22}},"128":{"start":{"line":129,"column":0},"end":{"line":129,"column":59}},"129":{"start":{"line":130,"column":0},"end":{"line":130,"column":40}},"130":{"start":{"line":131,"column":0},"end":{"line":131,"column":23}},"131":{"start":{"line":132,"column":0},"end":{"line":132,"column":19}},"132":{"start":{"line":133,"column":0},"end":{"line":133,"column":43}},"133":{"start":{"line":134,"column":0},"end":{"line":134,"column":11}},"134":{"start":{"line":135,"column":0},"end":{"line":135,"column":14}},"135":{"start":{"line":136,"column":0},"end":{"line":136,"column":0}},"136":{"start":{"line":137,"column":0},"end":{"line":137,"column":17}},"137":{"start":{"line":138,"column":0},"end":{"line":138,"column":59}},"138":{"start":{"line":139,"column":0},"end":{"line":139,"column":27}},"139":{"start":{"line":140,"column":0},"end":{"line":140,"column":23}},"140":{"start":{"line":141,"column":0},"end":{"line":141,"column":19}},"141":{"start":{"line":142,"column":0},"end":{"line":142,"column":29}},"142":{"start":{"line":143,"column":0},"end":{"line":143,"column":11}},"143":{"start":{"line":144,"column":0},"end":{"line":144,"column":14}},"144":{"start":{"line":145,"column":0},"end":{"line":145,"column":0}},"145":{"start":{"line":146,"column":0},"end":{"line":146,"column":21}},"146":{"start":{"line":147,"column":0},"end":{"line":147,"column":14}},"147":{"start":{"line":148,"column":0},"end":{"line":148,"column":59}},"148":{"start":{"line":149,"column":0},"end":{"line":149,"column":23}},"149":{"start":{"line":150,"column":0},"end":{"line":150,"column":21}},"150":{"start":{"line":151,"column":0},"end":{"line":151,"column":11}},"151":{"start":{"line":152,"column":0},"end":{"line":152,"column":14}},"152":{"start":{"line":153,"column":0},"end":{"line":153,"column":5}},"153":{"start":{"line":154,"column":0},"end":{"line":154,"column":0}},"154":{"start":{"line":155,"column":0},"end":{"line":155,"column":34}},"155":{"start":{"line":156,"column":0},"end":{"line":156,"column":0}},"156":{"start":{"line":157,"column":0},"end":{"line":157,"column":20}},"157":{"start":{"line":158,"column":0},"end":{"line":158,"column":49}},"158":{"start":{"line":159,"column":0},"end":{"line":159,"column":0}},"159":{"start":{"line":160,"column":0},"end":{"line":160,"column":35}},"160":{"start":{"line":161,"column":0},"end":{"line":161,"column":56}},"161":{"start":{"line":162,"column":0},"end":{"line":162,"column":48}},"162":{"start":{"line":163,"column":0},"end":{"line":163,"column":79}},"163":{"start":{"line":164,"column":0},"end":{"line":164,"column":5}},"164":{"start":{"line":165,"column":0},"end":{"line":165,"column":0}},"165":{"start":{"line":166,"column":0},"end":{"line":166,"column":26}},"166":{"start":{"line":167,"column":0},"end":{"line":167,"column":49}},"167":{"start":{"line":168,"column":0},"end":{"line":168,"column":0}},"168":{"start":{"line":169,"column":0},"end":{"line":169,"column":37}},"169":{"start":{"line":170,"column":0},"end":{"line":170,"column":34}},"170":{"start":{"line":171,"column":0},"end":{"line":171,"column":81}},"171":{"start":{"line":172,"column":0},"end":{"line":172,"column":14}},"172":{"start":{"line":173,"column":0},"end":{"line":173,"column":37}},"173":{"start":{"line":174,"column":0},"end":{"line":174,"column":18}},"174":{"start":{"line":175,"column":0},"end":{"line":175,"column":39}},"175":{"start":{"line":176,"column":0},"end":{"line":176,"column":39}},"176":{"start":{"line":177,"column":0},"end":{"line":177,"column":33}},"177":{"start":{"line":178,"column":0},"end":{"line":178,"column":54}},"178":{"start":{"line":179,"column":0},"end":{"line":179,"column":23}},"179":{"start":{"line":180,"column":0},"end":{"line":180,"column":8}},"180":{"start":{"line":181,"column":0},"end":{"line":181,"column":7}},"181":{"start":{"line":182,"column":0},"end":{"line":182,"column":3}},"182":{"start":{"line":183,"column":0},"end":{"line":183,"column":0}},"183":{"start":{"line":184,"column":0},"end":{"line":184,"column":25}},"184":{"start":{"line":185,"column":0},"end":{"line":185,"column":29}},"185":{"start":{"line":186,"column":0},"end":{"line":186,"column":18}},"186":{"start":{"line":187,"column":0},"end":{"line":187,"column":20}},"187":{"start":{"line":188,"column":0},"end":{"line":188,"column":38}},"188":{"start":{"line":189,"column":0},"end":{"line":189,"column":41}},"189":{"start":{"line":190,"column":0},"end":{"line":190,"column":0}},"190":{"start":{"line":191,"column":0},"end":{"line":191,"column":68}},"191":{"start":{"line":192,"column":0},"end":{"line":192,"column":55}},"192":{"start":{"line":193,"column":0},"end":{"line":193,"column":0}},"193":{"start":{"line":194,"column":0},"end":{"line":194,"column":56}},"194":{"start":{"line":195,"column":0},"end":{"line":195,"column":45}},"195":{"start":{"line":196,"column":0},"end":{"line":196,"column":47}},"196":{"start":{"line":197,"column":0},"end":{"line":197,"column":46}},"197":{"start":{"line":198,"column":0},"end":{"line":198,"column":23}},"198":{"start":{"line":199,"column":0},"end":{"line":199,"column":24}},"199":{"start":{"line":200,"column":0},"end":{"line":200,"column":20}},"200":{"start":{"line":201,"column":0},"end":{"line":201,"column":84}},"201":{"start":{"line":202,"column":0},"end":{"line":202,"column":80}},"202":{"start":{"line":203,"column":0},"end":{"line":203,"column":13}},"203":{"start":{"line":204,"column":0},"end":{"line":204,"column":9}},"204":{"start":{"line":205,"column":0},"end":{"line":205,"column":7}},"205":{"start":{"line":206,"column":0},"end":{"line":206,"column":5}},"206":{"start":{"line":207,"column":0},"end":{"line":207,"column":0}},"207":{"start":{"line":208,"column":0},"end":{"line":208,"column":38}},"208":{"start":{"line":209,"column":0},"end":{"line":209,"column":31}},"209":{"start":{"line":210,"column":0},"end":{"line":210,"column":20}},"210":{"start":{"line":211,"column":0},"end":{"line":211,"column":16}},"211":{"start":{"line":212,"column":0},"end":{"line":212,"column":75}},"212":{"start":{"line":213,"column":0},"end":{"line":213,"column":29}},"213":{"start":{"line":214,"column":0},"end":{"line":214,"column":9}},"214":{"start":{"line":215,"column":0},"end":{"line":215,"column":5}},"215":{"start":{"line":216,"column":0},"end":{"line":216,"column":0}},"216":{"start":{"line":217,"column":0},"end":{"line":217,"column":31}},"217":{"start":{"line":218,"column":0},"end":{"line":218,"column":3}},"218":{"start":{"line":219,"column":0},"end":{"line":219,"column":0}},"219":{"start":{"line":220,"column":0},"end":{"line":220,"column":27}},"220":{"start":{"line":221,"column":0},"end":{"line":221,"column":27}},"221":{"start":{"line":222,"column":0},"end":{"line":222,"column":3}},"222":{"start":{"line":223,"column":0},"end":{"line":223,"column":0}},"223":{"start":{"line":224,"column":0},"end":{"line":224,"column":30}},"224":{"start":{"line":225,"column":0},"end":{"line":225,"column":47}},"225":{"start":{"line":226,"column":0},"end":{"line":226,"column":3}},"226":{"start":{"line":227,"column":0},"end":{"line":227,"column":0}},"227":{"start":{"line":228,"column":0},"end":{"line":228,"column":19}},"228":{"start":{"line":229,"column":0},"end":{"line":229,"column":40}},"229":{"start":{"line":230,"column":0},"end":{"line":230,"column":33}},"230":{"start":{"line":231,"column":0},"end":{"line":231,"column":27}},"231":{"start":{"line":232,"column":0},"end":{"line":232,"column":28}},"232":{"start":{"line":233,"column":0},"end":{"line":233,"column":29}},"233":{"start":{"line":234,"column":0},"end":{"line":234,"column":3}},"234":{"start":{"line":235,"column":0},"end":{"line":235,"column":1}}},"s":{"0":1,"1":1,"2":1,"3":1,"4":1,"5":1,"6":1,"7":1,"8":1,"9":1,"10":1,"11":1,"12":1,"13":1,"14":1,"15":1,"16":1,"17":1,"18":8,"19":8,"20":8,"21":8,"22":1,"23":1,"24":7,"25":7,"26":7,"27":7,"28":7,"29":7,"30":7,"31":7,"32":7,"33":7,"34":210,"35":210,"36":210,"37":210,"38":210,"39":210,"40":210,"41":210,"42":21,"43":0,"44":0,"45":210,"46":7,"47":7,"48":1,"49":1,"50":7,"51":7,"52":7,"53":7,"54":7,"55":7,"56":1,"57":1,"58":7,"59":7,"60":7,"61":7,"62":7,"63":7,"64":7,"65":7,"66":7,"67":9,"68":9,"69":9,"70":9,"71":21,"72":21,"73":21,"74":21,"75":21,"76":21,"77":21,"78":21,"79":21,"80":21,"81":21,"82":21,"83":21,"84":21,"85":9,"86":7,"87":7,"88":7,"89":7,"90":1,"91":1,"92":7,"93":7,"94":7,"95":7,"96":21,"97":21,"98":7,"99":7,"100":7,"101":7,"102":1,"103":1,"104":6,"105":6,"106":6,"107":6,"108":6,"109":6,"110":6,"111":6,"112":6,"113":1,"114":0,"115":1,"116":1,"117":1,"118":1,"119":5,"120":6,"121":6,"122":5,"123":6,"124":6,"125":6,"126":6,"127":6,"128":1,"129":1,"130":1,"131":1,"132":1,"133":1,"134":1,"135":6,"136":6,"137":1,"138":1,"139":1,"140":1,"141":1,"142":1,"143":1,"144":6,"145":6,"146":6,"147":3,"148":3,"149":3,"150":3,"151":3,"152":6,"153":5,"154":6,"155":5,"156":5,"157":5,"158":5,"159":5,"160":6,"161":1,"162":1,"163":1,"164":5,"165":5,"166":5,"167":5,"168":5,"169":5,"170":5,"171":5,"172":5,"173":5,"174":5,"175":5,"176":5,"177":5,"178":5,"179":5,"180":5,"181":6,"182":1,"183":1,"184":5,"185":5,"186":5,"187":5,"188":5,"189":5,"190":5,"191":5,"192":5,"193":5,"194":9,"195":9,"196":9,"197":9,"198":0,"199":0,"200":0,"201":0,"202":0,"203":0,"204":9,"205":5,"206":5,"207":5,"208":5,"209":5,"210":5,"211":5,"212":5,"213":5,"214":5,"215":5,"216":5,"217":5,"218":1,"219":1,"220":3,"221":3,"222":1,"223":1,"224":2,"225":2,"226":1,"227":1,"228":1,"229":1,"230":1,"231":1,"232":1,"233":1,"234":1},"branchMap":{"0":{"type":"branch","line":18,"loc":{"start":{"line":18,"column":7},"end":{"line":22,"column":63}},"locations":[{"start":{"line":18,"column":7},"end":{"line":22,"column":63}}]},"1":{"type":"branch","line":24,"loc":{"start":{"line":24,"column":10},"end":{"line":48,"column":3}},"locations":[{"start":{"line":24,"column":10},"end":{"line":48,"column":3}}]},"2":{"type":"branch","line":34,"loc":{"start":{"line":34,"column":20},"end":{"line":46,"column":8}},"locations":[{"start":{"line":34,"column":20},"end":{"line":46,"column":8}}]},"3":{"type":"branch","line":36,"loc":{"start":{"line":36,"column":35},"end":{"line":36,"column":57}},"locations":[{"start":{"line":36,"column":35},"end":{"line":36,"column":57}}]},"4":{"type":"branch","line":36,"loc":{"start":{"line":36,"column":51},"end":{"line":37,"column":41}},"locations":[{"start":{"line":36,"column":51},"end":{"line":37,"column":41}}]},"5":{"type":"branch","line":37,"loc":{"start":{"line":37,"column":34},"end":{"line":37,"column":76}},"locations":[{"start":{"line":37,"column":34},"end":{"line":37,"column":76}}]},"6":{"type":"branch","line":37,"loc":{"start":{"line":37,"column":74},"end":{"line":38,"column":42}},"locations":[{"start":{"line":37,"column":74},"end":{"line":38,"column":42}}]},"7":{"type":"branch","line":38,"loc":{"start":{"line":38,"column":35},"end":{"line":38,"column":57}},"locations":[{"start":{"line":38,"column":35},"end":{"line":38,"column":57}}]},"8":{"type":"branch","line":38,"loc":{"start":{"line":38,"column":51},"end":{"line":39,"column":44}},"locations":[{"start":{"line":38,"column":51},"end":{"line":39,"column":44}}]},"9":{"type":"branch","line":39,"loc":{"start":{"line":39,"column":37},"end":{"line":39,"column":61}},"locations":[{"start":{"line":39,"column":37},"end":{"line":39,"column":61}}]},"10":{"type":"branch","line":39,"loc":{"start":{"line":39,"column":53},"end":{"line":40,"column":45}},"locations":[{"start":{"line":39,"column":53},"end":{"line":40,"column":45}}]},"11":{"type":"branch","line":40,"loc":{"start":{"line":40,"column":38},"end":{"line":40,"column":63}},"locations":[{"start":{"line":40,"column":38},"end":{"line":40,"column":63}}]},"12":{"type":"branch","line":40,"loc":{"start":{"line":40,"column":54},"end":{"line":41,"column":44}},"locations":[{"start":{"line":40,"column":54},"end":{"line":41,"column":44}}]},"13":{"type":"branch","line":41,"loc":{"start":{"line":41,"column":37},"end":{"line":41,"column":61}},"locations":[{"start":{"line":41,"column":37},"end":{"line":41,"column":61}}]},"14":{"type":"branch","line":41,"loc":{"start":{"line":41,"column":53},"end":{"line":42,"column":46}},"locations":[{"start":{"line":41,"column":53},"end":{"line":42,"column":46}}]},"15":{"type":"branch","line":42,"loc":{"start":{"line":42,"column":39},"end":{"line":43,"column":63}},"locations":[{"start":{"line":42,"column":39},"end":{"line":43,"column":63}}]},"16":{"type":"branch","line":43,"loc":{"start":{"line":43,"column":54},"end":{"line":45,"column":18}},"locations":[{"start":{"line":43,"column":54},"end":{"line":45,"column":18}}]},"17":{"type":"branch","line":50,"loc":{"start":{"line":50,"column":2},"end":{"line":56,"column":3}},"locations":[{"start":{"line":50,"column":2},"end":{"line":56,"column":3}}]},"18":{"type":"branch","line":58,"loc":{"start":{"line":58,"column":2},"end":{"line":90,"column":3}},"locations":[{"start":{"line":58,"column":2},"end":{"line":90,"column":3}}]},"19":{"type":"branch","line":67,"loc":{"start":{"line":67,"column":49},"end":{"line":86,"column":5}},"locations":[{"start":{"line":67,"column":49},"end":{"line":86,"column":5}}]},"20":{"type":"branch","line":69,"loc":{"start":{"line":69,"column":37},"end":{"line":69,"column":53}},"locations":[{"start":{"line":69,"column":37},"end":{"line":69,"column":53}}]},"21":{"type":"branch","line":71,"loc":{"start":{"line":71,"column":51},"end":{"line":85,"column":7}},"locations":[{"start":{"line":71,"column":51},"end":{"line":85,"column":7}}]},"22":{"type":"branch","line":72,"loc":{"start":{"line":72,"column":44},"end":{"line":72,"column":74}},"locations":[{"start":{"line":72,"column":44},"end":{"line":72,"column":74}}]},"23":{"type":"branch","line":63,"loc":{"start":{"line":63,"column":40},"end":{"line":63,"column":56}},"locations":[{"start":{"line":63,"column":40},"end":{"line":63,"column":56}}]},"24":{"type":"branch","line":92,"loc":{"start":{"line":92,"column":2},"end":{"line":102,"column":3}},"locations":[{"start":{"line":92,"column":2},"end":{"line":102,"column":3}}]},"25":{"type":"branch","line":96,"loc":{"start":{"line":96,"column":33},"end":{"line":98,"column":7}},"locations":[{"start":{"line":96,"column":33},"end":{"line":98,"column":7}}]},"26":{"type":"branch","line":100,"loc":{"start":{"line":100,"column":24},"end":{"line":100,"column":59}},"locations":[{"start":{"line":100,"column":24},"end":{"line":100,"column":59}}]},"27":{"type":"branch","line":104,"loc":{"start":{"line":104,"column":2},"end":{"line":182,"column":3}},"locations":[{"start":{"line":104,"column":2},"end":{"line":182,"column":3}}]},"28":{"type":"branch","line":109,"loc":{"start":{"line":109,"column":9},"end":{"line":109,"column":38}},"locations":[{"start":{"line":109,"column":9},"end":{"line":109,"column":38}}]},"29":{"type":"branch","line":113,"loc":{"start":{"line":113,"column":26},"end":{"line":119,"column":5}},"locations":[{"start":{"line":113,"column":26},"end":{"line":119,"column":5}}]},"30":{"type":"branch","line":114,"loc":{"start":{"line":114,"column":29},"end":{"line":116,"column":13}},"locations":[{"start":{"line":114,"column":29},"end":{"line":116,"column":13}}]},"31":{"type":"branch","line":119,"loc":{"start":{"line":119,"column":4},"end":{"line":121,"column":33}},"locations":[{"start":{"line":119,"column":4},"end":{"line":121,"column":33}}]},"32":{"type":"branch","line":121,"loc":{"start":{"line":121,"column":26},"end":{"line":121,"column":36}},"locations":[{"start":{"line":121,"column":26},"end":{"line":121,"column":36}}]},"33":{"type":"branch","line":121,"loc":{"start":{"line":121,"column":34},"end":{"line":122,"column":31}},"locations":[{"start":{"line":121,"column":34},"end":{"line":122,"column":31}}]},"34":{"type":"branch","line":122,"loc":{"start":{"line":122,"column":24},"end":{"line":122,"column":34}},"locations":[{"start":{"line":122,"column":24},"end":{"line":122,"column":34}}]},"35":{"type":"branch","line":122,"loc":{"start":{"line":122,"column":32},"end":{"line":124,"column":44}},"locations":[{"start":{"line":122,"column":32},"end":{"line":124,"column":44}}]},"36":{"type":"branch","line":124,"loc":{"start":{"line":124,"column":30},"end":{"line":124,"column":47}},"locations":[{"start":{"line":124,"column":30},"end":{"line":124,"column":47}}]},"37":{"type":"branch","line":128,"loc":{"start":{"line":128,"column":6},"end":{"line":135,"column":14}},"locations":[{"start":{"line":128,"column":6},"end":{"line":135,"column":14}}]},"38":{"type":"branch","line":137,"loc":{"start":{"line":137,"column":6},"end":{"line":144,"column":14}},"locations":[{"start":{"line":137,"column":6},"end":{"line":144,"column":14}}]},"39":{"type":"branch","line":146,"loc":{"start":{"line":146,"column":6},"end":{"line":146,"column":21}},"locations":[{"start":{"line":146,"column":6},"end":{"line":146,"column":21}}]},"40":{"type":"branch","line":147,"loc":{"start":{"line":147,"column":6},"end":{"line":152,"column":14}},"locations":[{"start":{"line":147,"column":6},"end":{"line":152,"column":14}}]},"41":{"type":"branch","line":153,"loc":{"start":{"line":153,"column":4},"end":{"line":155,"column":31}},"locations":[{"start":{"line":153,"column":4},"end":{"line":155,"column":31}}]},"42":{"type":"branch","line":155,"loc":{"start":{"line":155,"column":24},"end":{"line":155,"column":34}},"locations":[{"start":{"line":155,"column":24},"end":{"line":155,"column":34}}]},"43":{"type":"branch","line":155,"loc":{"start":{"line":155,"column":32},"end":{"line":161,"column":27}},"locations":[{"start":{"line":155,"column":32},"end":{"line":161,"column":27}}]},"44":{"type":"branch","line":161,"loc":{"start":{"line":161,"column":15},"end":{"line":161,"column":55}},"locations":[{"start":{"line":161,"column":15},"end":{"line":161,"column":55}}]},"45":{"type":"branch","line":161,"loc":{"start":{"line":161,"column":55},"end":{"line":164,"column":5}},"locations":[{"start":{"line":161,"column":55},"end":{"line":164,"column":5}}]},"46":{"type":"branch","line":164,"loc":{"start":{"line":164,"column":4},"end":{"line":181,"column":7}},"locations":[{"start":{"line":164,"column":4},"end":{"line":181,"column":7}}]},"47":{"type":"branch","line":158,"loc":{"start":{"line":158,"column":20},"end":{"line":158,"column":47}},"locations":[{"start":{"line":158,"column":20},"end":{"line":158,"column":47}}]},"48":{"type":"branch","line":163,"loc":{"start":{"line":163,"column":37},"end":{"line":163,"column":77}},"locations":[{"start":{"line":163,"column":37},"end":{"line":163,"column":77}}]},"49":{"type":"branch","line":170,"loc":{"start":{"line":170,"column":26},"end":{"line":181,"column":5}},"locations":[{"start":{"line":170,"column":26},"end":{"line":181,"column":5}}]},"50":{"type":"branch","line":171,"loc":{"start":{"line":171,"column":55},"end":{"line":171,"column":81}},"locations":[{"start":{"line":171,"column":55},"end":{"line":171,"column":81}}]},"51":{"type":"branch","line":184,"loc":{"start":{"line":184,"column":10},"end":{"line":218,"column":3}},"locations":[{"start":{"line":184,"column":10},"end":{"line":218,"column":3}}]},"52":{"type":"branch","line":189,"loc":{"start":{"line":189,"column":29},"end":{"line":189,"column":41}},"locations":[{"start":{"line":189,"column":29},"end":{"line":189,"column":41}}]},"53":{"type":"branch","line":192,"loc":{"start":{"line":192,"column":46},"end":{"line":192,"column":55}},"locations":[{"start":{"line":192,"column":46},"end":{"line":192,"column":55}}]},"54":{"type":"branch","line":194,"loc":{"start":{"line":194,"column":55},"end":{"line":205,"column":7}},"locations":[{"start":{"line":194,"column":55},"end":{"line":205,"column":7}}]},"55":{"type":"branch","line":198,"loc":{"start":{"line":198,"column":22},"end":{"line":204,"column":9}},"locations":[{"start":{"line":198,"column":22},"end":{"line":204,"column":9}}]},"56":{"type":"branch","line":212,"loc":{"start":{"line":212,"column":24},"end":{"line":212,"column":72}},"locations":[{"start":{"line":212,"column":24},"end":{"line":212,"column":72}}]},"57":{"type":"branch","line":212,"loc":{"start":{"line":212,"column":50},"end":{"line":212,"column":75}},"locations":[{"start":{"line":212,"column":50},"end":{"line":212,"column":75}}]},"58":{"type":"branch","line":220,"loc":{"start":{"line":220,"column":2},"end":{"line":222,"column":3}},"locations":[{"start":{"line":220,"column":2},"end":{"line":222,"column":3}}]},"59":{"type":"branch","line":224,"loc":{"start":{"line":224,"column":2},"end":{"line":226,"column":3}},"locations":[{"start":{"line":224,"column":2},"end":{"line":226,"column":3}}]},"60":{"type":"branch","line":225,"loc":{"start":{"line":225,"column":16},"end":{"line":225,"column":45}},"locations":[{"start":{"line":225,"column":16},"end":{"line":225,"column":45}}]},"61":{"type":"branch","line":225,"loc":{"start":{"line":225,"column":28},"end":{"line":225,"column":47}},"locations":[{"start":{"line":225,"column":28},"end":{"line":225,"column":47}}]},"62":{"type":"branch","line":228,"loc":{"start":{"line":228,"column":2},"end":{"line":234,"column":3}},"locations":[{"start":{"line":228,"column":2},"end":{"line":234,"column":3}}]},"63":{"type":"branch","line":229,"loc":{"start":{"line":229,"column":9},"end":{"line":229,"column":38}},"locations":[{"start":{"line":229,"column":9},"end":{"line":229,"column":38}}]}},"b":{"0":[8],"1":[7],"2":[210],"3":[21],"4":[189],"5":[21],"6":[168],"7":[42],"8":[126],"9":[21],"10":[105],"11":[42],"12":[63],"13":[21],"14":[42],"15":[21],"16":[0],"17":[7],"18":[7],"19":[9],"20":[0],"21":[21],"22":[0],"23":[14],"24":[7],"25":[21],"26":[7],"27":[6],"28":[0],"29":[1],"30":[0],"31":[5],"32":[0],"33":[5],"34":[0],"35":[5],"36":[4],"37":[1],"38":[1],"39":[3],"40":[3],"41":[5],"42":[0],"43":[5],"44":[1],"45":[1],"46":[5],"47":[2],"48":[2],"49":[5],"50":[0],"51":[5],"52":[0],"53":[0],"54":[9],"55":[0],"56":[0],"57":[0],"58":[3],"59":[2],"60":[1],"61":[1],"62":[1],"63":[0]},"fnMap":{"0":{"name":"SearchEngine","decl":{"start":{"line":18,"column":7},"end":{"line":22,"column":63}},"loc":{"start":{"line":18,"column":7},"end":{"line":22,"column":63}},"line":18},"1":{"name":"createMiniSearch","decl":{"start":{"line":24,"column":10},"end":{"line":48,"column":3}},"loc":{"start":{"line":24,"column":10},"end":{"line":48,"column":3}},"line":24},"2":{"name":"extractField","decl":{"start":{"line":34,"column":20},"end":{"line":46,"column":8}},"loc":{"start":{"line":34,"column":20},"end":{"line":46,"column":8}},"line":34},"3":{"name":"buildIndex","decl":{"start":{"line":50,"column":2},"end":{"line":56,"column":3}},"loc":{"start":{"line":50,"column":2},"end":{"line":56,"column":3}},"line":50},"4":{"name":"buildAllIndexes","decl":{"start":{"line":58,"column":2},"end":{"line":90,"column":3}},"loc":{"start":{"line":58,"column":2},"end":{"line":90,"column":3}},"line":58},"5":{"name":"addEntriesInChunks","decl":{"start":{"line":92,"column":2},"end":{"line":102,"column":3}},"loc":{"start":{"line":92,"column":2},"end":{"line":102,"column":3}},"line":92},"6":{"name":"search","decl":{"start":{"line":104,"column":2},"end":{"line":182,"column":3}},"loc":{"start":{"line":104,"column":2},"end":{"line":182,"column":3}},"line":104},"7":{"name":"extractMatches","decl":{"start":{"line":184,"column":10},"end":{"line":218,"column":3}},"loc":{"start":{"line":184,"column":10},"end":{"line":218,"column":3}},"line":184},"8":{"name":"isIndexReady","decl":{"start":{"line":220,"column":2},"end":{"line":222,"column":3}},"loc":{"start":{"line":220,"column":2},"end":{"line":222,"column":3}},"line":220},"9":{"name":"getDocumentCount","decl":{"start":{"line":224,"column":2},"end":{"line":226,"column":3}},"loc":{"start":{"line":224,"column":2},"end":{"line":226,"column":3}},"line":224},"10":{"name":"destroy","decl":{"start":{"line":228,"column":2},"end":{"line":234,"column":3}},"loc":{"start":{"line":228,"column":2},"end":{"line":234,"column":3}},"line":228}},"f":{"0":8,"1":7,"2":210,"3":7,"4":7,"5":7,"6":6,"7":5,"8":3,"9":2,"10":1}}
,"E:\\Project\\ClaudePro\\Obsidian-Vault Commander\\src\\utils\\file-type-filter.ts": {"path":"E:\\Project\\ClaudePro\\Obsidian-Vault Commander\\src\\utils\\file-type-filter.ts","all":false,"statementMap":{"0":{"start":{"line":1,"column":0},"end":{"line":1,"column":29}},"1":{"start":{"line":2,"column":0},"end":{"line":2,"column":0}},"2":{"start":{"line":3,"column":0},"end":{"line":3,"column":29}},"3":{"start":{"line":4,"column":0},"end":{"line":4,"column":51}},"4":{"start":{"line":5,"column":0},"end":{"line":5,"column":69}},"5":{"start":{"line":6,"column":0},"end":{"line":6,"column":11}},"6":{"start":{"line":7,"column":0},"end":{"line":7,"column":54}},"7":{"start":{"line":8,"column":0},"end":{"line":8,"column":52}},"8":{"start":{"line":9,"column":0},"end":{"line":9,"column":52}},"9":{"start":{"line":10,"column":0},"end":{"line":10,"column":41}},"10":{"start":{"line":11,"column":0},"end":{"line":11,"column":43}},"11":{"start":{"line":12,"column":0},"end":{"line":12,"column":5}},"12":{"start":{"line":13,"column":0},"end":{"line":13,"column":0}},"13":{"start":{"line":14,"column":0},"end":{"line":14,"column":77}},"14":{"start":{"line":15,"column":0},"end":{"line":15,"column":53}},"15":{"start":{"line":16,"column":0},"end":{"line":16,"column":39}},"16":{"start":{"line":17,"column":0},"end":{"line":17,"column":45}},"17":{"start":{"line":18,"column":0},"end":{"line":18,"column":5}},"18":{"start":{"line":19,"column":0},"end":{"line":19,"column":25}},"19":{"start":{"line":20,"column":0},"end":{"line":20,"column":3}},"20":{"start":{"line":21,"column":0},"end":{"line":21,"column":0}},"21":{"start":{"line":22,"column":0},"end":{"line":22,"column":52}},"22":{"start":{"line":23,"column":0},"end":{"line":23,"column":47}},"23":{"start":{"line":24,"column":0},"end":{"line":24,"column":61}},"24":{"start":{"line":25,"column":0},"end":{"line":25,"column":3}},"25":{"start":{"line":26,"column":0},"end":{"line":26,"column":0}},"26":{"start":{"line":27,"column":0},"end":{"line":27,"column":75}},"27":{"start":{"line":28,"column":0},"end":{"line":28,"column":52}},"28":{"start":{"line":29,"column":0},"end":{"line":29,"column":29}},"29":{"start":{"line":30,"column":0},"end":{"line":30,"column":49}},"30":{"start":{"line":31,"column":0},"end":{"line":31,"column":5}},"31":{"start":{"line":32,"column":0},"end":{"line":32,"column":53}},"32":{"start":{"line":33,"column":0},"end":{"line":33,"column":65}},"33":{"start":{"line":34,"column":0},"end":{"line":34,"column":5}},"34":{"start":{"line":35,"column":0},"end":{"line":35,"column":51}},"35":{"start":{"line":36,"column":0},"end":{"line":36,"column":53}},"36":{"start":{"line":37,"column":0},"end":{"line":37,"column":5}},"37":{"start":{"line":38,"column":0},"end":{"line":38,"column":27}},"38":{"start":{"line":39,"column":0},"end":{"line":39,"column":3}},"39":{"start":{"line":40,"column":0},"end":{"line":40,"column":1}}},"s":{"0":1,"1":1,"2":1,"3":1,"4":1,"5":1,"6":1,"7":1,"8":1,"9":1,"10":1,"11":1,"12":1,"13":1,"14":7,"15":7,"16":5,"17":5,"18":2,"19":7,"20":1,"21":1,"22":7,"23":7,"24":7,"25":1,"26":1,"27":4,"28":4,"29":1,"30":1,"31":4,"32":1,"33":1,"34":4,"35":0,"36":0,"37":2,"38":4,"39":1},"branchMap":{"0":{"type":"branch","line":4,"loc":{"start":{"line":4,"column":2},"end":{"line":12,"column":5}},"locations":[{"start":{"line":4,"column":2},"end":{"line":12,"column":5}}]},"1":{"type":"branch","line":14,"loc":{"start":{"line":14,"column":9},"end":{"line":20,"column":3}},"locations":[{"start":{"line":14,"column":9},"end":{"line":20,"column":3}}]},"2":{"type":"branch","line":16,"loc":{"start":{"line":16,"column":38},"end":{"line":18,"column":5}},"locations":[{"start":{"line":16,"column":38},"end":{"line":18,"column":5}}]},"3":{"type":"branch","line":18,"loc":{"start":{"line":18,"column":4},"end":{"line":19,"column":25}},"locations":[{"start":{"line":18,"column":4},"end":{"line":19,"column":25}}]},"4":{"type":"branch","line":22,"loc":{"start":{"line":22,"column":9},"end":{"line":25,"column":3}},"locations":[{"start":{"line":22,"column":9},"end":{"line":25,"column":3}}]},"5":{"type":"branch","line":24,"loc":{"start":{"line":24,"column":33},"end":{"line":24,"column":47}},"locations":[{"start":{"line":24,"column":33},"end":{"line":24,"column":47}}]},"6":{"type":"branch","line":24,"loc":{"start":{"line":24,"column":37},"end":{"line":24,"column":61}},"locations":[{"start":{"line":24,"column":37},"end":{"line":24,"column":61}}]},"7":{"type":"branch","line":27,"loc":{"start":{"line":27,"column":9},"end":{"line":39,"column":3}},"locations":[{"start":{"line":27,"column":9},"end":{"line":39,"column":3}}]},"8":{"type":"branch","line":29,"loc":{"start":{"line":29,"column":28},"end":{"line":31,"column":5}},"locations":[{"start":{"line":29,"column":28},"end":{"line":31,"column":5}}]},"9":{"type":"branch","line":31,"loc":{"start":{"line":31,"column":4},"end":{"line":32,"column":52}},"locations":[{"start":{"line":31,"column":4},"end":{"line":32,"column":52}}]},"10":{"type":"branch","line":32,"loc":{"start":{"line":32,"column":52},"end":{"line":34,"column":5}},"locations":[{"start":{"line":32,"column":52},"end":{"line":34,"column":5}}]},"11":{"type":"branch","line":34,"loc":{"start":{"line":34,"column":4},"end":{"line":35,"column":50}},"locations":[{"start":{"line":34,"column":4},"end":{"line":35,"column":50}}]},"12":{"type":"branch","line":35,"loc":{"start":{"line":35,"column":50},"end":{"line":37,"column":5}},"locations":[{"start":{"line":35,"column":50},"end":{"line":37,"column":5}}]},"13":{"type":"branch","line":37,"loc":{"start":{"line":37,"column":4},"end":{"line":38,"column":27}},"locations":[{"start":{"line":37,"column":4},"end":{"line":38,"column":27}}]}},"b":{"0":[1],"1":[7],"2":[5],"3":[2],"4":[7],"5":[5],"6":[2],"7":[4],"8":[1],"9":[3],"10":[1],"11":[2],"12":[0],"13":[2]},"fnMap":{"0":{"name":"<static_initializer>","decl":{"start":{"line":4,"column":2},"end":{"line":12,"column":5}},"loc":{"start":{"line":4,"column":2},"end":{"line":12,"column":5}},"line":4},"1":{"name":"isNoteFile","decl":{"start":{"line":14,"column":9},"end":{"line":20,"column":3}},"loc":{"start":{"line":14,"column":9},"end":{"line":20,"column":3}},"line":14},"2":{"name":"normalizeExtension","decl":{"start":{"line":22,"column":9},"end":{"line":25,"column":3}},"loc":{"start":{"line":22,"column":9},"end":{"line":25,"column":3}},"line":22},"3":{"name":"isValidForScan","decl":{"start":{"line":27,"column":9},"end":{"line":39,"column":3}},"loc":{"start":{"line":27,"column":9},"end":{"line":39,"column":3}},"line":27}},"f":{"0":1,"1":7,"2":7,"3":4}}
,"E:\\Project\\ClaudePro\\Obsidian-Vault Commander\\src\\utils\\link-parser.ts": {"path":"E:\\Project\\ClaudePro\\Obsidian-Vault Commander\\src\\utils\\link-parser.ts","all":false,"statementMap":{"0":{"start":{"line":1,"column":0},"end":{"line":1,"column":29}},"1":{"start":{"line":2,"column":0},"end":{"line":2,"column":0}},"2":{"start":{"line":3,"column":0},"end":{"line":3,"column":25}},"3":{"start":{"line":4,"column":0},"end":{"line":4,"column":92}},"4":{"start":{"line":5,"column":0},"end":{"line":5,"column":58}},"5":{"start":{"line":6,"column":0},"end":{"line":6,"column":61}},"6":{"start":{"line":7,"column":0},"end":{"line":7,"column":0}},"7":{"start":{"line":8,"column":0},"end":{"line":8,"column":115}},"8":{"start":{"line":9,"column":0},"end":{"line":9,"column":98}},"9":{"start":{"line":10,"column":0},"end":{"line":10,"column":98}},"10":{"start":{"line":11,"column":0},"end":{"line":11,"column":0}},"11":{"start":{"line":12,"column":0},"end":{"line":12,"column":34}},"12":{"start":{"line":13,"column":0},"end":{"line":13,"column":32}},"13":{"start":{"line":14,"column":0},"end":{"line":14,"column":107}},"14":{"start":{"line":15,"column":0},"end":{"line":15,"column":5}},"15":{"start":{"line":16,"column":0},"end":{"line":16,"column":62}},"16":{"start":{"line":17,"column":0},"end":{"line":17,"column":56}},"17":{"start":{"line":18,"column":0},"end":{"line":18,"column":61}},"18":{"start":{"line":19,"column":0},"end":{"line":19,"column":0}},"19":{"start":{"line":20,"column":0},"end":{"line":20,"column":52}},"20":{"start":{"line":21,"column":0},"end":{"line":21,"column":0}},"21":{"start":{"line":22,"column":0},"end":{"line":22,"column":29}},"22":{"start":{"line":23,"column":0},"end":{"line":23,"column":35}},"23":{"start":{"line":24,"column":0},"end":{"line":24,"column":55}},"24":{"start":{"line":25,"column":0},"end":{"line":25,"column":45}},"25":{"start":{"line":26,"column":0},"end":{"line":26,"column":49}},"26":{"start":{"line":27,"column":0},"end":{"line":27,"column":49}},"27":{"start":{"line":28,"column":0},"end":{"line":28,"column":19}},"28":{"start":{"line":29,"column":0},"end":{"line":29,"column":5}},"29":{"start":{"line":30,"column":0},"end":{"line":30,"column":0}},"30":{"start":{"line":31,"column":0},"end":{"line":31,"column":12}},"31":{"start":{"line":32,"column":0},"end":{"line":32,"column":44}},"32":{"start":{"line":33,"column":0},"end":{"line":33,"column":15}},"33":{"start":{"line":34,"column":0},"end":{"line":34,"column":41}},"34":{"start":{"line":35,"column":0},"end":{"line":35,"column":28}},"35":{"start":{"line":36,"column":0},"end":{"line":36,"column":47}},"36":{"start":{"line":37,"column":0},"end":{"line":37,"column":18}},"37":{"start":{"line":38,"column":0},"end":{"line":38,"column":8}},"38":{"start":{"line":39,"column":0},"end":{"line":39,"column":6}},"39":{"start":{"line":40,"column":0},"end":{"line":40,"column":3}},"40":{"start":{"line":41,"column":0},"end":{"line":41,"column":0}},"41":{"start":{"line":42,"column":0},"end":{"line":42,"column":50}},"42":{"start":{"line":43,"column":0},"end":{"line":43,"column":73}},"43":{"start":{"line":44,"column":0},"end":{"line":44,"column":3}},"44":{"start":{"line":45,"column":0},"end":{"line":45,"column":0}},"45":{"start":{"line":46,"column":0},"end":{"line":46,"column":51}},"46":{"start":{"line":47,"column":0},"end":{"line":47,"column":70}},"47":{"start":{"line":48,"column":0},"end":{"line":48,"column":3}},"48":{"start":{"line":49,"column":0},"end":{"line":49,"column":1}}},"s":{"0":1,"1":1,"2":1,"3":1,"4":1,"5":1,"6":1,"7":1,"8":1,"9":1,"10":1,"11":1,"12":3,"13":3,"14":3,"15":3,"16":3,"17":3,"18":3,"19":3,"20":3,"21":3,"22":2,"23":2,"24":2,"25":1,"26":0,"27":0,"28":2,"29":3,"30":3,"31":3,"32":3,"33":3,"34":3,"35":3,"36":3,"37":3,"38":3,"39":3,"40":1,"41":1,"42":2,"43":2,"44":1,"45":1,"46":0,"47":0,"48":1},"branchMap":{"0":{"type":"branch","line":4,"loc":{"start":{"line":4,"column":2},"end":{"line":10,"column":98}},"locations":[{"start":{"line":4,"column":2},"end":{"line":10,"column":98}}]},"1":{"type":"branch","line":12,"loc":{"start":{"line":12,"column":9},"end":{"line":40,"column":3}},"locations":[{"start":{"line":12,"column":9},"end":{"line":40,"column":3}}]},"2":{"type":"branch","line":22,"loc":{"start":{"line":22,"column":28},"end":{"line":29,"column":5}},"locations":[{"start":{"line":22,"column":28},"end":{"line":29,"column":5}}]},"3":{"type":"branch","line":25,"loc":{"start":{"line":25,"column":36},"end":{"line":28,"column":19}},"locations":[{"start":{"line":25,"column":36},"end":{"line":28,"column":19}}]},"4":{"type":"branch","line":26,"loc":{"start":{"line":26,"column":41},"end":{"line":28,"column":19}},"locations":[{"start":{"line":26,"column":41},"end":{"line":28,"column":19}}]},"5":{"type":"branch","line":42,"loc":{"start":{"line":42,"column":9},"end":{"line":44,"column":3}},"locations":[{"start":{"line":42,"column":9},"end":{"line":44,"column":3}}]},"6":{"type":"branch","line":43,"loc":{"start":{"line":43,"column":55},"end":{"line":43,"column":71}},"locations":[{"start":{"line":43,"column":55},"end":{"line":43,"column":71}}]}},"b":{"0":[1],"1":[3],"2":[2],"3":[1],"4":[0],"5":[2],"6":[2]},"fnMap":{"0":{"name":"<static_initializer>","decl":{"start":{"line":4,"column":2},"end":{"line":10,"column":98}},"loc":{"start":{"line":4,"column":2},"end":{"line":10,"column":98}},"line":4},"1":{"name":"parse","decl":{"start":{"line":12,"column":9},"end":{"line":40,"column":3}},"loc":{"start":{"line":12,"column":9},"end":{"line":40,"column":3}},"line":12},"2":{"name":"extractLinks","decl":{"start":{"line":42,"column":9},"end":{"line":44,"column":3}},"loc":{"start":{"line":42,"column":9},"end":{"line":44,"column":3}},"line":42},"3":{"name":"extractEmbeds","decl":{"start":{"line":46,"column":9},"end":{"line":48,"column":3}},"loc":{"start":{"line":46,"column":9},"end":{"line":48,"column":3}},"line":46}},"f":{"0":1,"1":3,"2":2,"3":0}}
,"E:\\Project\\ClaudePro\\Obsidian-Vault Commander\\src\\utils\\path.ts": {"path":"E:\\Project\\ClaudePro\\Obsidian-Vault Commander\\src\\utils\\path.ts","all":false,"statementMap":{"0":{"start":{"line":1,"column":0},"end":{"line":1,"column":29}},"1":{"start":{"line":2,"column":0},"end":{"line":2,"column":0}},"2":{"start":{"line":3,"column":0},"end":{"line":3,"column":24}},"3":{"start":{"line":4,"column":0},"end":{"line":4,"column":46}},"4":{"start":{"line":5,"column":0},"end":{"line":5,"column":56}},"5":{"start":{"line":6,"column":0},"end":{"line":6,"column":3}},"6":{"start":{"line":7,"column":0},"end":{"line":7,"column":0}},"7":{"start":{"line":8,"column":0},"end":{"line":8,"column":46}},"8":{"start":{"line":9,"column":0},"end":{"line":9,"column":50}},"9":{"start":{"line":10,"column":0},"end":{"line":10,"column":3}},"10":{"start":{"line":11,"column":0},"end":{"line":11,"column":0}},"11":{"start":{"line":12,"column":0},"end":{"line":12,"column":44}},"12":{"start":{"line":13,"column":0},"end":{"line":13,"column":50}},"13":{"start":{"line":14,"column":0},"end":{"line":14,"column":3}},"14":{"start":{"line":15,"column":0},"end":{"line":15,"column":0}},"15":{"start":{"line":16,"column":0},"end":{"line":16,"column":59}},"16":{"start":{"line":17,"column":0},"end":{"line":17,"column":40}},"17":{"start":{"line":18,"column":0},"end":{"line":18,"column":3}},"18":{"start":{"line":19,"column":0},"end":{"line":19,"column":0}},"19":{"start":{"line":20,"column":0},"end":{"line":20,"column":44}},"20":{"start":{"line":21,"column":0},"end":{"line":21,"column":48}},"21":{"start":{"line":22,"column":0},"end":{"line":22,"column":3}},"22":{"start":{"line":23,"column":0},"end":{"line":23,"column":0}},"23":{"start":{"line":24,"column":0},"end":{"line":24,"column":53}},"24":{"start":{"line":25,"column":0},"end":{"line":25,"column":51}},"25":{"start":{"line":26,"column":0},"end":{"line":26,"column":3}},"26":{"start":{"line":27,"column":0},"end":{"line":27,"column":0}},"27":{"start":{"line":28,"column":0},"end":{"line":28,"column":46}},"28":{"start":{"line":29,"column":0},"end":{"line":29,"column":37}},"29":{"start":{"line":30,"column":0},"end":{"line":30,"column":3}},"30":{"start":{"line":31,"column":0},"end":{"line":31,"column":0}},"31":{"start":{"line":32,"column":0},"end":{"line":32,"column":49}},"32":{"start":{"line":33,"column":0},"end":{"line":33,"column":45}},"33":{"start":{"line":34,"column":0},"end":{"line":34,"column":72}},"34":{"start":{"line":35,"column":0},"end":{"line":35,"column":3}},"35":{"start":{"line":36,"column":0},"end":{"line":36,"column":0}},"36":{"start":{"line":37,"column":0},"end":{"line":37,"column":49}},"37":{"start":{"line":38,"column":0},"end":{"line":38,"column":69}},"38":{"start":{"line":39,"column":0},"end":{"line":39,"column":3}},"39":{"start":{"line":40,"column":0},"end":{"line":40,"column":1}}},"s":{"0":1,"1":1,"2":1,"3":1,"4":2,"5":2,"6":1,"7":1,"8":0,"9":0,"10":1,"11":1,"12":0,"13":0,"14":1,"15":1,"16":0,"17":0,"18":1,"19":1,"20":0,"21":0,"22":1,"23":1,"24":0,"25":0,"26":1,"27":1,"28":0,"29":0,"30":1,"31":1,"32":6,"33":6,"34":6,"35":1,"36":1,"37":2,"38":2,"39":1},"branchMap":{"0":{"type":"branch","line":4,"loc":{"start":{"line":4,"column":9},"end":{"line":6,"column":3}},"locations":[{"start":{"line":4,"column":9},"end":{"line":6,"column":3}}]},"1":{"type":"branch","line":32,"loc":{"start":{"line":32,"column":9},"end":{"line":35,"column":3}},"locations":[{"start":{"line":32,"column":9},"end":{"line":35,"column":3}}]},"2":{"type":"branch","line":34,"loc":{"start":{"line":34,"column":29},"end":{"line":34,"column":53}},"locations":[{"start":{"line":34,"column":29},"end":{"line":34,"column":53}}]},"3":{"type":"branch","line":34,"loc":{"start":{"line":34,"column":48},"end":{"line":34,"column":72}},"locations":[{"start":{"line":34,"column":48},"end":{"line":34,"column":72}}]},"4":{"type":"branch","line":37,"loc":{"start":{"line":37,"column":9},"end":{"line":39,"column":3}},"locations":[{"start":{"line":37,"column":9},"end":{"line":39,"column":3}}]}},"b":{"0":[2],"1":[6],"2":[3],"3":[2],"4":[2]},"fnMap":{"0":{"name":"normalize","decl":{"start":{"line":4,"column":9},"end":{"line":6,"column":3}},"loc":{"start":{"line":4,"column":9},"end":{"line":6,"column":3}},"line":4},"1":{"name":"join","decl":{"start":{"line":8,"column":9},"end":{"line":10,"column":3}},"loc":{"start":{"line":8,"column":9},"end":{"line":10,"column":3}},"line":8},"2":{"name":"dirname","decl":{"start":{"line":12,"column":9},"end":{"line":14,"column":3}},"loc":{"start":{"line":12,"column":9},"end":{"line":14,"column":3}},"line":12},"3":{"name":"basename","decl":{"start":{"line":16,"column":9},"end":{"line":18,"column":3}},"loc":{"start":{"line":16,"column":9},"end":{"line":18,"column":3}},"line":16},"4":{"name":"extname","decl":{"start":{"line":20,"column":9},"end":{"line":22,"column":3}},"loc":{"start":{"line":20,"column":9},"end":{"line":22,"column":3}},"line":20},"5":{"name":"relative","decl":{"start":{"line":24,"column":9},"end":{"line":26,"column":3}},"loc":{"start":{"line":24,"column":9},"end":{"line":26,"column":3}},"line":24},"6":{"name":"absolute","decl":{"start":{"line":28,"column":9},"end":{"line":30,"column":3}},"loc":{"start":{"line":28,"column":9},"end":{"line":30,"column":3}},"line":28},"7":{"name":"isValidFileName","decl":{"start":{"line":32,"column":9},"end":{"line":35,"column":3}},"loc":{"start":{"line":32,"column":9},"end":{"line":35,"column":3}},"line":32},"8":{"name":"sanitizeFileName","decl":{"start":{"line":37,"column":9},"end":{"line":39,"column":3}},"loc":{"start":{"line":37,"column":9},"end":{"line":39,"column":3}},"line":37}},"f":{"0":2,"1":0,"2":0,"3":0,"4":0,"5":0,"6":0,"7":6,"8":2}}
,"E:\\Project\\ClaudePro\\Obsidian-Vault Commander\\src\\utils\\template.ts": {"path":"E:\\Project\\ClaudePro\\Obsidian-Vault Commander\\src\\utils\\template.ts","all":false,"statementMap":{"0":{"start":{"line":1,"column":0},"end":{"line":1,"column":29}},"1":{"start":{"line":2,"column":0},"end":{"line":2,"column":60}},"2":{"start":{"line":3,"column":0},"end":{"line":3,"column":0}},"3":{"start":{"line":4,"column":0},"end":{"line":4,"column":78}},"4":{"start":{"line":5,"column":0},"end":{"line":5,"column":66}},"5":{"start":{"line":6,"column":0},"end":{"line":6,"column":37}},"6":{"start":{"line":7,"column":0},"end":{"line":7,"column":7}},"7":{"start":{"line":8,"column":0},"end":{"line":8,"column":3}},"8":{"start":{"line":9,"column":0},"end":{"line":9,"column":0}},"9":{"start":{"line":10,"column":0},"end":{"line":10,"column":69}},"10":{"start":{"line":11,"column":0},"end":{"line":11,"column":27}},"11":{"start":{"line":12,"column":0},"end":{"line":12,"column":12}},"12":{"start":{"line":13,"column":0},"end":{"line":13,"column":12}},"13":{"start":{"line":14,"column":0},"end":{"line":14,"column":43}},"14":{"start":{"line":15,"column":0},"end":{"line":15,"column":43}},"15":{"start":{"line":16,"column":0},"end":{"line":16,"column":65}},"16":{"start":{"line":17,"column":0},"end":{"line":17,"column":6}},"17":{"start":{"line":18,"column":0},"end":{"line":18,"column":3}},"18":{"start":{"line":19,"column":0},"end":{"line":19,"column":1}}},"s":{"0":1,"1":1,"2":1,"3":1,"4":5,"5":10,"6":5,"7":5,"8":1,"9":1,"10":3,"11":3,"12":3,"13":3,"14":3,"15":3,"16":3,"17":3,"18":1},"branchMap":{"0":{"type":"branch","line":2,"loc":{"start":{"line":2,"column":2},"end":{"line":2,"column":60}},"locations":[{"start":{"line":2,"column":2},"end":{"line":2,"column":60}}]},"1":{"type":"branch","line":4,"loc":{"start":{"line":4,"column":9},"end":{"line":8,"column":3}},"locations":[{"start":{"line":4,"column":9},"end":{"line":8,"column":3}}]},"2":{"type":"branch","line":5,"loc":{"start":{"line":5,"column":49},"end":{"line":7,"column":5}},"locations":[{"start":{"line":5,"column":49},"end":{"line":7,"column":5}}]},"3":{"type":"branch","line":6,"loc":{"start":{"line":6,"column":26},"end":{"line":6,"column":37}},"locations":[{"start":{"line":6,"column":26},"end":{"line":6,"column":37}}]},"4":{"type":"branch","line":10,"loc":{"start":{"line":10,"column":9},"end":{"line":18,"column":3}},"locations":[{"start":{"line":10,"column":9},"end":{"line":18,"column":3}}]}},"b":{"0":[2],"1":[5],"2":[10],"3":[2],"4":[3]},"fnMap":{"0":{"name":"<static_initializer>","decl":{"start":{"line":2,"column":2},"end":{"line":2,"column":60}},"loc":{"start":{"line":2,"column":2},"end":{"line":2,"column":60}},"line":2},"1":{"name":"render","decl":{"start":{"line":4,"column":9},"end":{"line":8,"column":3}},"loc":{"start":{"line":4,"column":9},"end":{"line":8,"column":3}},"line":4},"2":{"name":"getDefaultVariables","decl":{"start":{"line":10,"column":9},"end":{"line":18,"column":3}},"loc":{"start":{"line":10,"column":9},"end":{"line":18,"column":3}},"line":10}},"f":{"0":2,"1":5,"2":3}}
}
